E:\my_project\LanguageStudyingWebApps\LanguageStudyingWebApps\ClientApp\dist\out-tsc\src\app\app.component.js
E:\my_project\LanguageStudyingWebApps\LanguageStudyingWebApps\ClientApp\dist\out-tsc\src\app\app.component.js.map
E:\my_project\LanguageStudyingWebApps\LanguageStudyingWebApps\ClientApp\dist\out-tsc\src\app\components\home\home.component.js
E:\my_project\LanguageStudyingWebApps\LanguageStudyingWebApps\ClientApp\dist\out-tsc\src\app\components\home\home.component.js.map
E:\my_project\LanguageStudyingWebApps\LanguageStudyingWebApps\ClientApp\dist\out-tsc\src\app\models\word.js
E:\my_project\LanguageStudyingWebApps\LanguageStudyingWebApps\ClientApp\dist\out-tsc\src\app\models\word.js.map
E:\my_project\LanguageStudyingWebApps\LanguageStudyingWebApps\ClientApp\dist\out-tsc\src\app\services\utilities.js
E:\my_project\LanguageStudyingWebApps\LanguageStudyingWebApps\ClientApp\dist\out-tsc\src\app\services\utilities.js.map
E:\my_project\LanguageStudyingWebApps\LanguageStudyingWebApps\ClientApp\dist\out-tsc\src\app\services\word.service.js
E:\my_project\LanguageStudyingWebApps\LanguageStudyingWebApps\ClientApp\dist\out-tsc\src\app\services\word.service.js.map
E:\my_project\LanguageStudyingWebApps\LanguageStudyingWebApps\ClientApp\dist\out-tsc\src\app\components\addnewword\addnewword.component.js
E:\my_project\LanguageStudyingWebApps\LanguageStudyingWebApps\ClientApp\dist\out-tsc\src\app\components\addnewword\addnewword.component.js.map
E:\my_project\LanguageStudyingWebApps\LanguageStudyingWebApps\ClientApp\dist\out-tsc\src\app\components\learn\learn.component.js
E:\my_project\LanguageStudyingWebApps\LanguageStudyingWebApps\ClientApp\dist\out-tsc\src\app\components\learn\learn.component.js.map
E:\my_project\LanguageStudyingWebApps\LanguageStudyingWebApps\ClientApp\dist\out-tsc\src\app\models\Category.js
E:\my_project\LanguageStudyingWebApps\LanguageStudyingWebApps\ClientApp\dist\out-tsc\src\app\models\Category.js.map
E:\my_project\LanguageStudyingWebApps\LanguageStudyingWebApps\ClientApp\dist\out-tsc\src\app\services\category.service.js
E:\my_project\LanguageStudyingWebApps\LanguageStudyingWebApps\ClientApp\dist\out-tsc\src\app\services\category.service.js.map
E:\my_project\LanguageStudyingWebApps\LanguageStudyingWebApps\ClientApp\dist\out-tsc\src\app\components\category\category.component.js
E:\my_project\LanguageStudyingWebApps\LanguageStudyingWebApps\ClientApp\dist\out-tsc\src\app\components\category\category.component.js.map
E:\my_project\LanguageStudyingWebApps\LanguageStudyingWebApps\ClientApp\dist\out-tsc\src\app\app-routing.module.js
E:\my_project\LanguageStudyingWebApps\LanguageStudyingWebApps\ClientApp\dist\out-tsc\src\app\app-routing.module.js.map
E:\my_project\LanguageStudyingWebApps\LanguageStudyingWebApps\ClientApp\dist\out-tsc\src\app\app.module.js
E:\my_project\LanguageStudyingWebApps\LanguageStudyingWebApps\ClientApp\dist\out-tsc\src\app\app.module.js.map
E:\my_project\LanguageStudyingWebApps\LanguageStudyingWebApps\ClientApp\dist\out-tsc\src\environments\environment.js
E:\my_project\LanguageStudyingWebApps\LanguageStudyingWebApps\ClientApp\dist\out-tsc\src\environments\environment.js.map
E:\my_project\LanguageStudyingWebApps\LanguageStudyingWebApps\ClientApp\dist\out-tsc\src\main.js
E:\my_project\LanguageStudyingWebApps\LanguageStudyingWebApps\ClientApp\dist\out-tsc\src\main.js.map
E:\my_project\LanguageStudyingWebApps\LanguageStudyingWebApps\ClientApp\dist\out-tsc\src\polyfills.js
E:\my_project\LanguageStudyingWebApps\LanguageStudyingWebApps\ClientApp\dist\out-tsc\src\polyfills.js.map
E:\my_project\LanguageStudyingWebApps\LanguageStudyingWebApps\ClientApp\dist\out-tsc\src\test.js
E:\my_project\LanguageStudyingWebApps\LanguageStudyingWebApps\ClientApp\dist\out-tsc\src\test.js.map
E:\my_project\LanguageStudyingWebApps\LanguageStudyingWebApps\ClientApp\dist\out-tsc\e2e\src\app.po.js
E:\my_project\LanguageStudyingWebApps\LanguageStudyingWebApps\ClientApp\dist\out-tsc\e2e\src\app.po.js.map
E:\my_project\LanguageStudyingWebApps\LanguageStudyingWebApps\ClientApp\dist\out-tsc\e2e\src\app.e2e-spec.js
E:\my_project\LanguageStudyingWebApps\LanguageStudyingWebApps\ClientApp\dist\out-tsc\e2e\src\app.e2e-spec.js.map
E:\my_project\LanguageStudyingWebApps\LanguageStudyingWebApps\ClientApp\dist\out-tsc\src\app\app-routing.module.spec.js
E:\my_project\LanguageStudyingWebApps\LanguageStudyingWebApps\ClientApp\dist\out-tsc\src\app\app-routing.module.spec.js.map
E:\my_project\LanguageStudyingWebApps\LanguageStudyingWebApps\ClientApp\dist\out-tsc\src\app\app.component.spec.js
E:\my_project\LanguageStudyingWebApps\LanguageStudyingWebApps\ClientApp\dist\out-tsc\src\app\app.component.spec.js.map
E:\my_project\LanguageStudyingWebApps\LanguageStudyingWebApps\ClientApp\dist\out-tsc\src\environments\environment.prod.js
E:\my_project\LanguageStudyingWebApps\LanguageStudyingWebApps\ClientApp\dist\out-tsc\src\environments\environment.prod.js.map
E:\my_project\LanguageStudyingWebApps\LanguageStudyingWebApps\ClientApp\dist\out-tsc\src\app\components\addnewword\addnewword.component.spec.js
E:\my_project\LanguageStudyingWebApps\LanguageStudyingWebApps\ClientApp\dist\out-tsc\src\app\components\addnewword\addnewword.component.spec.js.map
E:\my_project\LanguageStudyingWebApps\LanguageStudyingWebApps\ClientApp\dist\out-tsc\src\app\components\category\category.component.spec.js
E:\my_project\LanguageStudyingWebApps\LanguageStudyingWebApps\ClientApp\dist\out-tsc\src\app\components\category\category.component.spec.js.map
E:\my_project\LanguageStudyingWebApps\LanguageStudyingWebApps\ClientApp\dist\out-tsc\src\app\components\home\home.component.spec.js
E:\my_project\LanguageStudyingWebApps\LanguageStudyingWebApps\ClientApp\dist\out-tsc\src\app\components\home\home.component.spec.js.map
E:\my_project\LanguageStudyingWebApps\LanguageStudyingWebApps\ClientApp\dist\out-tsc\src\app\components\learn\learn.component.spec.js
E:\my_project\LanguageStudyingWebApps\LanguageStudyingWebApps\ClientApp\dist\out-tsc\src\app\components\learn\learn.component.spec.js.map
